<?xml version="1.0" encoding="UTF-8"?>
<!-- Generated by org.testng.reporters.JUnitReportReporter -->
<testsuite skipped="0" hostname="CSS-D-196" name="com.concerto.vegaah.test.scenarios.VegaahReports.AggregateReport" tests="1" failures="0" timestamp="26 Apr 2020 10:07:01 GMT" time="41.497" errors="0">
  <testcase name="TransactionReports" time="41.497" classname="com.concerto.vegaah.test.scenarios.VegaahReports.AggregateReport"/>
</testsuite> <!-- com.concerto.vegaah.test.scenarios.VegaahReports.AggregateReport -->
