<?xml version="1.0" encoding="UTF-8"?>
<!-- Generated by org.testng.reporters.JUnitReportReporter -->
<testsuite skipped="0" hostname="CSS-D-196" name="com.concerto.vegaah.db.methods.SetupQueries" tests="1" failures="0" timestamp="16 Jan 2020 09:48:21 GMT" time="0.349" errors="0">
  <testcase name="QueryApplicationConfig" time="0.349" classname="com.concerto.vegaah.db.methods.SetupQueries"/>
</testsuite> <!-- com.concerto.vegaah.db.methods.SetupQueries -->
