<?xml version="1.0" encoding="UTF-8"?>
<!-- Generated by org.testng.reporters.JUnitReportReporter -->
<testsuite skipped="0" hostname="CSS-D-181" name="com.concerto.vegaah.test.scenarios.apiTransactions.TransactionInquiry" tests="1" failures="0" timestamp="26 Aug 2020 13:40:03 GMT" time="7.767" errors="0">
  <testcase name="transaction" time="7.767" classname="com.concerto.vegaah.test.scenarios.apiTransactions.TransactionInquiry"/>
</testsuite> <!-- com.concerto.vegaah.test.scenarios.apiTransactions.TransactionInquiry -->
