<?xml version="1.0" encoding="UTF-8"?>
<!-- Generated by org.testng.reporters.JUnitReportReporter -->
<testsuite skipped="0" hostname="CSS-D-181" name="com.concerto.vegaah.test.scenarios.login.UrwayLogin" tests="1" failures="0" timestamp="18 Aug 2020 14:33:37 GMT" time="114.441" errors="0">
  <testcase name="validateCorrectLogin" time="114.441" classname="com.concerto.vegaah.test.scenarios.login.UrwayLogin"/>
</testsuite> <!-- com.concerto.vegaah.test.scenarios.login.UrwayLogin -->
