<?xml version="1.0" encoding="UTF-8"?>
<!-- Generated by org.testng.reporters.JUnitReportReporter -->
<testsuite skipped="0" hostname="CSS-D-196" name="com.concerto.vegaah.test.scenarios.apiTransactions.Report_Generation_Data" tests="6" failures="0" timestamp="03 Jun 2020 08:12:35 GMT" time="83.540" errors="0">
  <testcase name="transaction" time="44.828" classname="com.concerto.vegaah.test.scenarios.apiTransactions.Report_Generation_Data"/>
  <testcase name="transaction" time="7.420" classname="com.concerto.vegaah.test.scenarios.apiTransactions.Report_Generation_Data"/>
  <testcase name="transaction" time="17.006" classname="com.concerto.vegaah.test.scenarios.apiTransactions.Report_Generation_Data"/>
  <testcase name="transaction" time="6.444" classname="com.concerto.vegaah.test.scenarios.apiTransactions.Report_Generation_Data"/>
  <testcase name="changeDate" time="0.186" classname="com.concerto.vegaah.test.scenarios.apiTransactions.Report_Generation_Data"/>
  <testcase name="transaction" time="7.656" classname="com.concerto.vegaah.test.scenarios.apiTransactions.Report_Generation_Data"/>
</testsuite> <!-- com.concerto.vegaah.test.scenarios.apiTransactions.Report_Generation_Data -->
