<?xml version="1.0" encoding="UTF-8"?>
<!-- Generated by org.testng.reporters.JUnitReportReporter -->
<testsuite skipped="0" hostname="CSS-D-181" name="com.concerto.vegaah.test.scenarios.profile.AddLayoutProfile" tests="1" failures="0" timestamp="22 Aug 2020 17:22:53 GMT" time="250.318" errors="0">
  <testcase name="addLayoutProfile" time="250.318" classname="com.concerto.vegaah.test.scenarios.profile.AddLayoutProfile"/>
</testsuite> <!-- com.concerto.vegaah.test.scenarios.profile.AddLayoutProfile -->
