<?xml version="1.0" encoding="UTF-8"?>
<!-- Generated by org.testng.reporters.JUnitReportReporter -->
<testsuite skipped="0" hostname="CSS-D-196" name="com.concerto.vegaah.test.scenarios.VegaahReports.ValidateDBConcertoReport" tests="5" failures="0" timestamp="27 Apr 2020 14:01:47 GMT" time="1.063" errors="0">
  <testcase name="ValidateConcertoDBReport" time="0.206" classname="com.concerto.vegaah.test.scenarios.VegaahReports.ValidateDBConcertoReport"/>
  <testcase name="ValidateConcertoDBReport" time="0.197" classname="com.concerto.vegaah.test.scenarios.VegaahReports.ValidateDBConcertoReport"/>
  <testcase name="ValidateConcertoDBReport" time="0.249" classname="com.concerto.vegaah.test.scenarios.VegaahReports.ValidateDBConcertoReport"/>
  <testcase name="ValidateConcertoDBReport" time="0.203" classname="com.concerto.vegaah.test.scenarios.VegaahReports.ValidateDBConcertoReport"/>
  <testcase name="ValidateConcertoDBReport" time="0.208" classname="com.concerto.vegaah.test.scenarios.VegaahReports.ValidateDBConcertoReport"/>
</testsuite> <!-- com.concerto.vegaah.test.scenarios.VegaahReports.ValidateDBConcertoReport -->
