<?xml version="1.0" encoding="UTF-8"?>
<!-- Generated by org.testng.reporters.JUnitReportReporter -->
<testsuite skipped="0" hostname="CSS-D-181" name="com.concerto.vegaah.test.scenarios.profile.AddPasswordProfile" tests="1" failures="0" timestamp="24 Aug 2020 16:51:57 GMT" time="276.172" errors="0">
  <testcase name="addPasswordProfile" time="276.172" classname="com.concerto.vegaah.test.scenarios.profile.AddPasswordProfile"/>
</testsuite> <!-- com.concerto.vegaah.test.scenarios.profile.AddPasswordProfile -->
