<?xml version="1.0" encoding="UTF-8"?>
<!-- Generated by org.testng.reporters.JUnitReportReporter -->
<testsuite skipped="0" hostname="CSS-D-196" name="com.concerto.vegaah.test.scenarios.VegaahReports.ValidateDBReports" tests="1" failures="0" timestamp="13 Apr 2020 18:02:02 GMT" time="68.747" errors="0">
  <testcase name="TransactionReports" time="68.747" classname="com.concerto.vegaah.test.scenarios.VegaahReports.ValidateDBReports"/>
</testsuite> <!-- com.concerto.vegaah.test.scenarios.VegaahReports.ValidateDBReports -->
