<?xml version="1.0" encoding="UTF-8"?>
<!-- Generated by org.testng.reporters.JUnitReportReporter -->
<testsuite skipped="0" hostname="CSS-D-196" name="com.concerto.vegaah.test.scenarios.VegaahReports.ValidateDBAggregatorReport" tests="5" failures="0" timestamp="27 Apr 2020 13:51:45 GMT" time="1.422" errors="0">
  <testcase name="ValidateAggregatorDBReport" time="0.362" classname="com.concerto.vegaah.test.scenarios.VegaahReports.ValidateDBAggregatorReport"/>
  <testcase name="ValidateAggregatorDBReport" time="0.344" classname="com.concerto.vegaah.test.scenarios.VegaahReports.ValidateDBAggregatorReport"/>
  <testcase name="ValidateAggregatorDBReport" time="0.224" classname="com.concerto.vegaah.test.scenarios.VegaahReports.ValidateDBAggregatorReport"/>
  <testcase name="ValidateAggregatorDBReport" time="0.223" classname="com.concerto.vegaah.test.scenarios.VegaahReports.ValidateDBAggregatorReport"/>
  <testcase name="ValidateAggregatorDBReport" time="0.269" classname="com.concerto.vegaah.test.scenarios.VegaahReports.ValidateDBAggregatorReport"/>
</testsuite> <!-- com.concerto.vegaah.test.scenarios.VegaahReports.ValidateDBAggregatorReport -->
