<?xml version="1.0" encoding="UTF-8"?>
<!-- Generated by org.testng.reporters.JUnitReportReporter -->
<testsuite skipped="0" hostname="CSS-D-196" name="com.concerto.common.utilities.DateTimeFunctions" tests="1" failures="0" timestamp="16 Jan 2020 09:46:25 GMT" time="0.106" errors="0">
  <testcase name="GenerateOffsetDateDDMMYYYY" time="0.106" classname="com.concerto.common.utilities.DateTimeFunctions"/>
</testsuite> <!-- com.concerto.common.utilities.DateTimeFunctions -->
