<?xml version="1.0" encoding="UTF-8"?>
<!-- Generated by org.testng.reporters.JUnitReportReporter -->
<testsuite skipped="0" hostname="CSS-D-196" name="com.concerto.common.utilities.FileTransfer" tests="1" failures="0" timestamp="27 Aug 2020 09:25:58 GMT" time="27.253" errors="0">
  <testcase name="TestFileTransfer" time="27.253" classname="com.concerto.common.utilities.FileTransfer"/>
</testsuite> <!-- com.concerto.common.utilities.FileTransfer -->
