<?xml version="1.0" encoding="UTF-8"?>
<!-- Generated by org.testng.reporters.JUnitReportReporter -->
<testsuite skipped="0" hostname="CSS-D-196" name="com.concerto.vegaah.test.scenarios.VegaahReports.DBReportValidation" tests="1" failures="0" timestamp="27 Aug 2020 10:58:29 GMT" time="0.881" errors="0">
  <testcase name="TransactionReports" time="0.881" classname="com.concerto.vegaah.test.scenarios.VegaahReports.DBReportValidation"/>
</testsuite> <!-- com.concerto.vegaah.test.scenarios.VegaahReports.DBReportValidation -->
