<?xml version="1.0" encoding="UTF-8"?>
<!-- Generated by org.testng.reporters.JUnitReportReporter -->
<testsuite skipped="0" hostname="CSS-D-181" name="com.concerto.vegaah.test.scenarios.apiTransactions.AddTokenization" tests="1" failures="0" timestamp="26 Aug 2020 13:43:29 GMT" time="27.933" errors="0">
  <testcase name="transaction" time="27.933" classname="com.concerto.vegaah.test.scenarios.apiTransactions.AddTokenization"/>
</testsuite> <!-- com.concerto.vegaah.test.scenarios.apiTransactions.AddTokenization -->
