<?xml version="1.0" encoding="UTF-8"?>
<!-- Generated by org.testng.reporters.JUnitReportReporter -->
<testsuite skipped="0" hostname="CSS-D-196" name="com.concerto.vegaah.test.scenarios.apiTransactions.PartialTransPGHosted" tests="2" failures="0" timestamp="26 Aug 2020 09:30:38 GMT" time="75.303" errors="0">
  <testcase name="transaction" time="41.736" classname="com.concerto.vegaah.test.scenarios.apiTransactions.PartialTransPGHosted"/>
  <testcase name="transaction" time="33.567" classname="com.concerto.vegaah.test.scenarios.apiTransactions.PartialTransPGHosted"/>
</testsuite> <!-- com.concerto.vegaah.test.scenarios.apiTransactions.PartialTransPGHosted -->
