<?xml version="1.0" encoding="UTF-8"?>
<!-- Generated by org.testng.reporters.JUnitReportReporter -->
<testsuite hostname="CSS-D-162" name="com.concerto.cams.test.scenarios.configuration.UpdateDealer" tests="1" failures="0" timestamp="1 Dec 2020 06:28:06 GMT" time="4.516" errors="0">
  <testcase name="validateEditDealer" time="4.516" classname="com.concerto.cams.test.scenarios.configuration.UpdateDealer"/>
</testsuite> <!-- com.concerto.cams.test.scenarios.configuration.UpdateDealer -->
