<?xml version="1.0" encoding="UTF-8"?>
<!-- Generated by org.testng.reporters.JUnitReportReporter -->
<testsuite skipped="0" hostname="CSS-D-181" name="com.concerto.vegaah.test.scenarios.apiTransactions.RecurringTransationPgHosted" tests="1" failures="0" timestamp="25 Aug 2020 08:15:18 GMT" time="36.172" errors="0">
  <testcase name="transaction" time="36.172" classname="com.concerto.vegaah.test.scenarios.apiTransactions.RecurringTransationPgHosted"/>
</testsuite> <!-- com.concerto.vegaah.test.scenarios.apiTransactions.RecurringTransationPgHosted -->
