<?xml version="1.0" encoding="UTF-8"?>
<!-- Generated by org.testng.reporters.JUnitReportReporter -->
<testsuite skipped="0" hostname="CSS-D-196" name="com.concerto.vegaah.test.scenarios.VegaahReports.ValidateDBMerchantReport" tests="5" failures="0" timestamp="27 Apr 2020 14:01:47 GMT" time="1.355" errors="0">
  <testcase name="ValidateMerchantDBReport" time="0.211" classname="com.concerto.vegaah.test.scenarios.VegaahReports.ValidateDBMerchantReport"/>
  <testcase name="ValidateMerchantDBReport" time="0.210" classname="com.concerto.vegaah.test.scenarios.VegaahReports.ValidateDBMerchantReport"/>
  <testcase name="ValidateMerchantDBReport" time="0.327" classname="com.concerto.vegaah.test.scenarios.VegaahReports.ValidateDBMerchantReport"/>
  <testcase name="ValidateMerchantDBReport" time="0.275" classname="com.concerto.vegaah.test.scenarios.VegaahReports.ValidateDBMerchantReport"/>
  <testcase name="ValidateMerchantDBReport" time="0.332" classname="com.concerto.vegaah.test.scenarios.VegaahReports.ValidateDBMerchantReport"/>
</testsuite> <!-- com.concerto.vegaah.test.scenarios.VegaahReports.ValidateDBMerchantReport -->
