<?xml version="1.0" encoding="UTF-8"?>
<!-- Generated by org.testng.reporters.JUnitReportReporter -->
<testsuite skipped="0" hostname="CSS-D-196" name="com.concerto.vegaah.db.methods.EODReport" tests="1" failures="0" timestamp="27 Aug 2020 05:26:30 GMT" time="0.394" errors="0">
  <testcase name="TEstDB" time="0.394" classname="com.concerto.vegaah.db.methods.EODReport"/>
</testsuite> <!-- com.concerto.vegaah.db.methods.EODReport -->
