<?xml version="1.0" encoding="UTF-8"?>
<!-- Generated by org.testng.reporters.JUnitReportReporter -->
<testsuite skipped="0" hostname="CSS-D-181" name="com.concerto.vegaah.test.scenarios.apiTransactions.UpdateTokenization" tests="2" failures="0" timestamp="26 Aug 2020 10:19:20 GMT" time="24.702" errors="1">
  <testcase name="transaction" time="24.381" classname="com.concerto.vegaah.test.scenarios.apiTransactions.UpdateTokenization"/>
  <testcase name="transaction" time="0.321" classname="com.concerto.vegaah.test.scenarios.apiTransactions.UpdateTokenization">
    <error/>
  </testcase> <!-- transaction -->
</testsuite> <!-- com.concerto.vegaah.test.scenarios.apiTransactions.UpdateTokenization -->
