<?xml version="1.0" encoding="UTF-8"?>
<!-- Generated by org.testng.reporters.JUnitReportReporter -->
<testsuite skipped="0" hostname="CSS-D-181" name="com.concerto.vegaah.test.scenarios.apiTransactions.CardLessTransPGHosted" tests="1" failures="0" timestamp="26 Aug 2020 13:35:38 GMT" time="20.376" errors="0">
  <testcase name="transaction" time="20.376" classname="com.concerto.vegaah.test.scenarios.apiTransactions.CardLessTransPGHosted"/>
</testsuite> <!-- com.concerto.vegaah.test.scenarios.apiTransactions.CardLessTransPGHosted -->
