<?xml version="1.0" encoding="UTF-8"?>
<!-- Generated by org.testng.reporters.JUnitReportReporter -->
<testsuite skipped="0" hostname="CSS-D-196" name="com.concerto.vegaah.db.methods.AggregatorReportSP" tests="1" failures="0" timestamp="23 Apr 2020 14:29:01 GMT" time="0.235" errors="0">
  <testcase name="GetQueryResults" time="0.235" classname="com.concerto.vegaah.db.methods.AggregatorReportSP"/>
</testsuite> <!-- com.concerto.vegaah.db.methods.AggregatorReportSP -->
