<?xml version="1.0" encoding="UTF-8"?>
<!-- Generated by org.testng.reporters.JUnitReportReporter -->
<testsuite skipped="0" hostname="CSS-D-196" name="com.concerto.vegaah.report.utilities.ReadReports" tests="1" failures="0" timestamp="26 Aug 2020 20:05:41 GMT" time="0.286" errors="0">
  <testcase name="testData" time="0.286" classname="com.concerto.vegaah.report.utilities.ReadReports"/>
</testsuite> <!-- com.concerto.vegaah.report.utilities.ReadReports -->
