<?xml version="1.0" encoding="UTF-8"?>
<!-- Generated by org.testng.reporters.JUnitReportReporter -->
<testsuite skipped="0" hostname="CSS-D-196" name="com.concerto.vegaah.test.scenarios.VegaahReports.GenerateTransactionReports" tests="1" failures="0" timestamp="03 Jun 2020 08:12:35 GMT" time="98.960" errors="0">
  <testcase name="transactionReports" time="98.960" classname="com.concerto.vegaah.test.scenarios.VegaahReports.GenerateTransactionReports"/>
</testsuite> <!-- com.concerto.vegaah.test.scenarios.VegaahReports.GenerateTransactionReports -->
