<?xml version="1.0" encoding="UTF-8"?>
<!-- Generated by org.testng.reporters.JUnitReportReporter -->
<testsuite skipped="0" hostname="CSS-D-196" name="com.concerto.vegaah.test.scenarios.VegaahReports.ValidateDBResellerReport" tests="5" failures="0" timestamp="27 Apr 2020 13:52:44 GMT" time="1.154" errors="0">
  <testcase name="ValidateResellerDBReport" time="0.222" classname="com.concerto.vegaah.test.scenarios.VegaahReports.ValidateDBResellerReport"/>
  <testcase name="ValidateResellerDBReport" time="0.227" classname="com.concerto.vegaah.test.scenarios.VegaahReports.ValidateDBResellerReport"/>
  <testcase name="ValidateResellerDBReport" time="0.221" classname="com.concerto.vegaah.test.scenarios.VegaahReports.ValidateDBResellerReport"/>
  <testcase name="ValidateResellerDBReport" time="0.203" classname="com.concerto.vegaah.test.scenarios.VegaahReports.ValidateDBResellerReport"/>
  <testcase name="ValidateResellerDBReport" time="0.281" classname="com.concerto.vegaah.test.scenarios.VegaahReports.ValidateDBResellerReport"/>
</testsuite> <!-- com.concerto.vegaah.test.scenarios.VegaahReports.ValidateDBResellerReport -->
