<?xml version="1.0" encoding="UTF-8"?>
<!-- Generated by org.testng.reporters.JUnitReportReporter -->
<testsuite hostname="CSS-D-162" name="com.concerto.cams.test.scenarios.login.ValidLogin" tests="1" failures="0" timestamp="1 Oct 2020 04:52:22 GMT" time="3.256" errors="0">
  <testcase name="validateCorrectLogin" time="3.256" classname="com.concerto.cams.test.scenarios.login.ValidLogin"/>
</testsuite> <!-- com.concerto.cams.test.scenarios.login.ValidLogin -->
